# Server version 0.08 running on 142.157.131.92:8123
# Game ID: 295
# Board class: pentago_swap.PentagoBoard
# Timeout: 2000
# First Move Timeout: 30000
# Date: Mon Apr 01 16:16:48 EDT 2019
# Player 1: Player-0, 'Human', running on 142.157.131.92
# Player 2: Player-1, '260728557', running on 142.157.131.92
START Player-0 Human
START Player-1 260728557
1 4 TL BL 0
4 4 TL TR 1
1 4 BL BR 0
4 4 TL TR 1
2 5 TR BL 0
3 0 TL BR 1
3 3 TR TL 0
2 2 BL BR 1
5 2 TR TL 0
0 3 TR BR 1
2 4 TR BR 0
2 2 TR BR 1
GAMEOVER WINNER 1
# Game ended: Mon Apr 01 16:19:02 EDT 2019
