# Server version 0.08 running on 142.157.23.3:8123
# Game ID: 130
# Board class: pentago_swap.PentagoBoard
# Timeout: 2000
# First Move Timeout: 30000
# Date: Sat Mar 30 06:47:56 EDT 2019
# Player 1: Player-0, '260728557', running on 142.157.23.3
# Player 2: Player-1, 'Human', running on 142.157.23.3
START Player-0 260728557
START Player-1 Human
4 4 TL TR 0
1 4 TL BL 1
4 1 TL TR 0
1 4 TL TR 1
0 0 TL TR 0
4 2 TL BR 1
0 0 TL TR 0
3 1 TL BR 1
0 0 TL TR 0
2 2 TR BL 1
0 1 TL TR 0
2 4 TL BR 1
0 1 TL TR 0
0 2 TR TL 1
0 2 TL TR 0
