# Server version 0.08 running on gjtqiyue:8123
# Game ID: 160
# Board class: pentago_swap.PentagoBoard
# Timeout: 2000
# First Move Timeout: 30000
# Date: Sat Mar 30 21:57:36 EDT 2019
# Player 1: Player-0, '260728557', running on gjtqiyue
# Player 2: Player-1, '260728557', running on gjtqiyue
START Player-0 260728557
START Player-1 260728557
4 4 TL TR 0
4 1 TL TR 1
1 4 TL TR 0
1 4 TL TR 1
0 3 TL TR 0
0 3 TL TR 1
2 5 TR BL 0
2 2 TR BR 1
3 3 TL BL 0
3 1 TL BL 1
4 2 TL TR 0
2 4 TL TR 1
1 3 TR BR 0
0 4 TR BL 1
GAMEOVER WINNER 1 
 Winrate1/100
# Game ended: Sat Mar 30 21:57:37 EDT 2019
