# Server version 0.08 running on gjtqiyue:8123
# Game ID: 142
# Board class: pentago_swap.PentagoBoard
# Timeout: 2000
# First Move Timeout: 30000
# Date: Sat Mar 30 19:10:19 EDT 2019
# Player 1: Player-0, 'V3', running on gjtqiyue
# Player 2: Player-1, '260728557', running on gjtqiyue
START Player-0 V3
START Player-1 260728557
4 4 BL BR 0
4 4 TL TR 1
1 1 BL BR 0
1 4 TL TR 1
3 4 BL BR 0
0 0 TR BL 1
5 1 TL BL 0
5 2 TL BL 1
3 3 BL BR 0
0 1 TL TR 1
3 4 TL BR 0
5 4 TL BR 1
1 2 TL BR 0
2 4 TL BR 1
3 1 TL BR 0
5 1 TL TR 1
GAMEOVER WINNER 0
# Game ended: Sat Mar 30 19:10:31 EDT 2019
