# Server version 0.08 running on 142.157.131.14:8123
# Game ID: 69
# Board class: pentago_swap.PentagoBoard
# Timeout: 2000
# First Move Timeout: 30000
# Date: Fri Mar 29 23:23:00 EDT 2019
# Player 1: Player-0, '260728557', running on 142.157.131.14
# Player 2: Player-1, 'Human', running on 142.157.131.14
START Player-0 260728557
START Player-1 Human
4 4 TL TR 0
4 1 BR TR 1
4 4 TL TR 0
4 2 TL TR 1
0 1 TL BR 0
4 0 TL TR 1
0 3 TR BR 0
1 3 BL TL 1
0 1 TL BL 0
1 4 BL TL 1
GAMEOVER WINNER 1
# Game ended: Fri Mar 29 23:29:14 EDT 2019
