# Server version 0.08 running on 142.157.131.92:8123
# Game ID: 298
# Board class: pentago_swap.PentagoBoard
# Timeout: 2000
# First Move Timeout: 30000
# Date: Mon Apr 01 16:25:39 EDT 2019
# Player 1: Player-0, '260728557', running on 142.157.131.92
# Player 2: Player-1, '260728557', running on 142.157.131.92
START Player-0 260728557
START Player-1 260728557
4 4 TL TR 0
4 1 TL TR 1
1 4 TL TR 0
1 4 TL TR 1
0 3 TL TR 0
0 3 TL TR 1
2 5 TL BL 0
5 2 BL BR 1
2 2 TL BL 0
4 3 TL BL 1
1 3 TL BL 0
4 5 TL BL 1
1 2 BL BR 0
1 0 TL BR 1
GAMEOVER WINNER 1
# Game ended: Mon Apr 01 16:25:45 EDT 2019
