# Server version 0.08 running on 142.157.131.92:8123
# Game ID: 301
# Board class: pentago_swap.PentagoBoard
# Timeout: 2000
# First Move Timeout: 30000
# Date: Mon Apr 01 16:39:04 EDT 2019
# Player 1: Player-0, 'xxx', running on 142.157.131.92
# Player 2: Player-1, '260728557', running on 142.157.131.92
START Player-0 xxx
START Player-1 260728557
4 4 TL TR 0
4 1 TL TR 1
1 4 TL TR 0
1 4 TL TR 1
1 3 TR BR 0
0 0 BL BR 1
3 0 TL TR 0
2 5 TL TR 1
0 2 BL BR 0
3 0 BL BR 1
GAMEOVER WINNER 1
# Game ended: Mon Apr 01 16:39:05 EDT 2019
