# Server version 0.08 running on gjtqiyue:8123
# Game ID: 150
# Board class: pentago_swap.PentagoBoard
# Timeout: 2000
# First Move Timeout: 30000
# Date: Sat Mar 30 20:27:58 EDT 2019
# Player 1: Player-0, 'V3', running on localhost
# Player 2: Player-1, '260728557', running on localhost
START Player-0 V3
START Player-1 260728557
4 4 BL BR 0
4 4 TL TR 1
1 1 BL BR 0
1 4 TL TR 1
4 3 TL BL 0
0 0 BL BR 1
1 3 TL TR 0
1 2 BL BR 1
4 5 TL BR 0
2 5 TL BR 1
3 0 TL BR 0
0 4 TL BR 1
5 2 TL BR 0
2 4 TL BR 1
3 1 TL BR 0
1 5 TL BR 1
5 1 TL BR 0
1 3 TL BR 1
4 2 TL BR 0
3 5 TL BR 1
2 2 TL BR 0
2 3 TL BR 1
0 5 TL BR 0
3 2 TL BR 1
5 0 TL BR 0
5 4 TL BR 1
4 0 TR BR 0
0 0 TL TR 1
GAMEOVER WINNER 0
# Game ended: Sat Mar 30 20:28:22 EDT 2019
