# Server version 0.08 running on gjtqiyue:8123
# Game ID: 145
# Board class: pentago_swap.PentagoBoard
# Timeout: 2000
# First Move Timeout: 30000
# Date: Sat Mar 30 19:20:12 EDT 2019
# Player 1: Player-0, '260728557', running on gjtqiyue
# Player 2: Player-1, 'V3', running on gjtqiyue
START Player-0 260728557
START Player-1 V3
4 4 TL TR 0
1 1 BL BR 1
4 4 TL TR 0
1 1 BL BR 1
3 0 TL TR 0
1 3 BL BR 1
5 5 TL TR 0
1 5 TR BR 1
0 4 TR BL 0
4 3 TL BR 1
4 5 TL BR 0
2 5 TL BR 1
5 1 TL BR 0
2 4 TL BR 1
4 0 TL BR 0
0 4 TL BR 1
4 2 TL BR 0
1 3 TL BR 1
3 2 TL BR 0
5 5 BL BR 1
1 5 TR BL 0
GAMEOVER WINNER 0
# Game ended: Sat Mar 30 19:20:28 EDT 2019
