# Server version 0.08 running on 142.157.23.3:8123
# Game ID: 109
# Board class: pentago_swap.PentagoBoard
# Timeout: 5000
# First Move Timeout: 30000
# Date: Sat Mar 30 05:15:44 EDT 2019
# Player 1: Player-0, '260728557', running on 142.157.23.3
# Player 2: Player-1, 'Human', running on 142.157.23.3
START Player-0 260728557
START Player-1 Human
4 4 TL TR 0
4 1 TR TL 1
1 4 TL TR 0
1 4 BL TR 1
0 0 TL TR 0
2 2 TR BL 1
5 2 TL TR 0
3 3 BL TR 1
0 4 TL BR 0
2 2 BR BL 1
2 4 TL TR 0
2 4 TL BL 1
4 0 TR BL 0
3 1 TL BR 1
1 5 TL BL 0
1 2 TR BR 1
5 3 TL TR 0
1 3 TL BL 1
3 5 TL TR 0
2 0 TR BL 1
0 2 TL TR 0
5 0 TL BL 1
0 0 TL TR 0
0 5 TL BR 1
0 4 BL BR 0
GAMEOVER WINNER 0
# Game ended: Sat Mar 30 05:21:25 EDT 2019
