# Server version 0.08 running on gjtqiyue:8123
# Game ID: 266
# Board class: pentago_swap.PentagoBoard
# Timeout: 2000
# First Move Timeout: 30000
# Date: Sat Mar 30 22:35:24 EDT 2019
# Player 1: Player-0, '260728557', running on localhost
# Player 2: Player-1, 'V3', running on localhost
START Player-0 260728557
START Player-1 V3
4 4 TL TR 0
1 1 BL BR 1
4 4 TL TR 0
1 1 BL BR 1
3 0 TL TR 0
5 1 TR BL 1
2 5 BL BR 0
5 5 TR BL 1
4 0 TL TR 0
0 3 TL TR 1
4 2 BL BR 0
1 3 BL BR 1
3 2 TL TR 0
3 3 TL TR 1
2 2 TL TR 0
1 5 TL TR 1
5 0 BL BR 0
0 5 BL BR 1
3 1 BL BR 0
2 3 BL BR 1
0 3 TR BR 0
3 4 TR BR 1
2 5 TR BR 0
4 5 TR BR 1
5 3 TR BR 0
1 3 TR BR 1
0 1 TL TR 0
4 5 TR BL 1
GAMEOVER WINNER 1 
 Winrate1/100
# Game ended: Sat Mar 30 22:35:46 EDT 2019
