# Server version 0.08 running on 142.157.23.3:8123
# Game ID: 85
# Board class: pentago_swap.PentagoBoard
# Timeout: 2000
# First Move Timeout: 30000
# Date: Sat Mar 30 00:31:03 EDT 2019
# Player 1: Player-0, '260728557', running on 142.157.23.3
# Player 2: Player-1, 'Human', running on 142.157.23.3
START Player-0 260728557
START Player-1 Human
4 4 TL TR 0
4 1 TL TR 1
1 4 TL TR 0
1 4 TR BR 1
0 1 TL BR 0
2 4 TL BR 1
2 1 TR BL 0
3 1 BL TR 1
1 3 BL BR 0
1 2 TL BL 1
1 5 TL TR 0
0 4 TR BR 1
4 0 TR BL 0
GAMEOVER WINNER 0
# Game ended: Sat Mar 30 00:32:33 EDT 2019
