# Server version 0.08 running on gjtqiyue:8123
# Game ID: 270
# Board class: pentago_swap.PentagoBoard
# Timeout: 2000
# First Move Timeout: 30000
# Date: Sat Mar 30 23:22:21 EDT 2019
# Player 1: Player-0, '260728557', running on gjtqiyue
# Player 2: Player-1, 'Human', running on gjtqiyue
START Player-0 260728557
START Player-1 Human
4 4 TL TR 0
1 4 TL BL 1
4 1 TL TR 0
1 4 TL TR 1
5 4 TL BR 0
2 4 TL BR 1
3 1 TL BR 0
5 1 BL TR 1
0 1 TR BL 0
GAMEOVER WINNER 0
# Game ended: Sat Mar 30 23:23:36 EDT 2019
