# Server version 0.08 running on 142.157.131.14:8123
# Game ID: 77
# Board class: pentago_swap.PentagoBoard
# Timeout: 2000
# First Move Timeout: 30000
# Date: Fri Mar 29 23:41:43 EDT 2019
# Player 1: Player-0, '260728557', running on 142.157.131.14
# Player 2: Player-1, 'Human', running on 142.157.131.14
START Player-0 260728557
START Player-1 Human
4 4 TL TR 0
1 4 BL TL 1
4 1 TL TR 0
1 4 BL TR 1
0 4 TR BR 0
2 2 BR TR 1
2 4 TL TR 0
5 2 TL BR 1
2 1 TL TR 0
GAMEOVER WINNER 0
# Game ended: Fri Mar 29 23:42:28 EDT 2019
