# Server version 0.08 running on 142.157.131.14:8123
# Game ID: 64
# Board class: pentago_swap.PentagoBoard
# Timeout: 5000
# First Move Timeout: 30000
# Date: Fri Mar 29 23:04:07 EDT 2019
# Player 1: Player-0, '260728557', running on 142.157.131.14
# Player 2: Player-1, 'Human', running on 142.157.131.14
START Player-0 260728557
START Player-1 Human
4 4 TL TR 0
1 4 BL TL 1
4 1 TL TR 0
1 4 TR BL 1
0 0 TL BL 0
2 4 BR BL 1
0 3 TR BL 0
2 2 BR BL 1
5 1 TR BR 0
0 0 TR BL 1
1 2 TR BR 0
5 5 TL BR 1
GAMEOVER WINNER 1
# Game ended: Fri Mar 29 23:14:10 EDT 2019
