# Server version 0.08 running on gjtqiyue:8123
# Game ID: 46
# Board class: pentago_swap.PentagoBoard
# Timeout: 2000
# First Move Timeout: 30000
# Date: Fri Mar 29 04:00:08 EDT 2019
# Player 1: Player-0, '260728557', running on gjtqiyue
# Player 2: Player-1, 'Human', running on gjtqiyue
START Player-0 260728557
START Player-1 Human
4 4 TL TR 0
1 4 BL TL 1
4 1 TL TR 0
1 3 BL BR 1
1 2 TL TR 0
2 4 BL BR 1
3 0 TR BR 0
3 4 BL TR 1
2 5 BL BR 0
5 2 TR BL 1
3 3 TL BL 0
GAMEOVER WINNER 0
# Game ended: Fri Mar 29 04:00:49 EDT 2019
