# Server version 0.08 running on 142.157.23.3:8123
# Game ID: 117
# Board class: pentago_swap.PentagoBoard
# Timeout: 5000
# First Move Timeout: 30000
# Date: Sat Mar 30 05:49:08 EDT 2019
# Player 1: Player-0, 'Human', running on 142.157.23.3
# Player 2: Player-1, '260728557', running on 142.157.23.3
START Player-0 Human
START Player-1 260728557
1 1 BR TR 0
4 4 TL TR 1
3 1 TL TR 0
4 1 TL TR 1
2 4 TL BR 0
0 0 TR BL 1
3 1 TR BR 0
2 2 TR BR 1
4 4 TR BL 0
3 0 BL BR 1
GAMEOVER WINNER 1
# Game ended: Sat Mar 30 05:50:07 EDT 2019
