# Server version 0.08 running on 142.157.131.92:8123
# Game ID: 311
# Board class: pentago_swap.PentagoBoard
# Timeout: 2000
# First Move Timeout: 30000
# Date: Mon Apr 01 17:09:43 EDT 2019
# Player 1: Player-0, '260728557', running on 142.157.131.92
# Player 2: Player-1, 'Human', running on 142.157.131.92
START Player-0 260728557
START Player-1 Human
4 4 TL TR 0
4 1 BR BL 1
1 4 TL TR 0
1 4 TR BR 1
0 1 TL BL 0
5 1 BL TL 1
0 0 TL TR 0
3 3 TR BL 1
2 4 TL TR 0
0 1 BR TL 1
5 2 TL TR 0
3 3 TR TL 1
4 2 TL TR 0
4 3 BL BR 1
5 2 TL BL 0
GAMEOVER WINNER 0
# Game ended: Mon Apr 01 17:11:26 EDT 2019
