# Server version 0.08 running on gjtqiyue:8123
# Game ID: 254
# Board class: pentago_swap.PentagoBoard
# Timeout: 2000
# First Move Timeout: 30000
# Date: Sat Mar 30 22:32:15 EDT 2019
# Player 1: Player-0, '260728557', running on localhost
# Player 2: Player-1, 'V3', running on localhost
START Player-0 260728557
START Player-1 V3
4 4 TL TR 0
1 1 BL BR 1
4 4 TL TR 0
1 1 BL BR 1
3 0 TL TR 0
4 2 TR BR 1
5 2 TL BR 0
4 3 TL BR 1
3 1 BL BR 0
1 2 BL BR 1
4 3 TR BL 0
4 5 TL BR 1
2 4 TL BR 0
3 1 TL BR 1
0 5 TL BR 0
5 1 TL BR 1
2 3 TL BR 0
5 5 BL BR 1
3 3 TL TR 0
GAMEOVER WINNER 0
# Game ended: Sat Mar 30 22:32:29 EDT 2019
