# Server version 0.08 running on 142.157.23.3:8123
# Game ID: 119
# Board class: pentago_swap.PentagoBoard
# Timeout: 5000
# First Move Timeout: 30000
# Date: Sat Mar 30 05:57:19 EDT 2019
# Player 1: Player-0, 'Human', running on 142.157.23.3
# Player 2: Player-1, '260728557', running on 142.157.23.3
START Player-0 Human
START Player-1 260728557
4 1 TL BR 0
4 4 TL TR 1
1 4 TL BR 0
4 4 TL TR 1
2 1 TR BR 0
0 3 TL TR 1
0 4 TL BR 0
3 1 TL BR 1
5 1 TL BL 0
5 2 TL BL 1
3 3 BR TR 0
4 5 TR BR 1
4 2 TR BL 0
5 5 TL BR 1
GAMEOVER WINNER 1
# Game ended: Sat Mar 30 06:04:35 EDT 2019
