# Server version 0.08 running on gjtqiyue:8123
# Game ID: 281
# Board class: pentago_swap.PentagoBoard
# Timeout: 2000
# First Move Timeout: 30000
# Date: Sat Mar 30 23:41:11 EDT 2019
# Player 1: Player-0, 'Human', running on gjtqiyue
# Player 2: Player-1, '260728557', running on gjtqiyue
START Player-0 Human
START Player-1 260728557
1 4 TL BL 0
4 4 TL TR 1
1 4 BL TL 0
1 1 TL TR 1
2 3 TR BR 0
4 3 TR BL 1
4 5 TR TL 0
4 2 TL TR 1
4 0 TL TR 0
5 2 TL TR 1
3 1 TL BR 0
3 0 BL BR 1
2 2 TL BL 0
3 1 TL BR 1
1 3 TL BR 0
5 1 TR BL 1
5 4 BL BR 0
0 1 TL BL 1
0 3 TR BR 0
4 0 TR BR 1
GAMEOVER WINNER 1
# Game ended: Sat Mar 30 23:43:57 EDT 2019
