# Server version 0.08 running on 142.157.131.92:8123
# Game ID: 310
# Board class: pentago_swap.PentagoBoard
# Timeout: 2000
# First Move Timeout: 30000
# Date: Mon Apr 01 17:05:26 EDT 2019
# Player 1: Player-0, '260728557', running on 142.157.131.92
# Player 2: Player-1, 'Human', running on 142.157.131.92
START Player-0 260728557
START Player-1 Human
4 4 TL TR 0
1 1 TR BL 1
4 1 TL TR 0
1 1 TL TR 1
5 4 TL BR 0
3 1 TL TR 1
0 4 TL TR 0
5 1 BL TR 1
1 0 TL TR 0
1 2 TL TR 1
1 2 TL TR 0
1 0 TR BR 1
3 3 TL TR 0
2 5 TR BR 1
2 5 TL TR 0
3 3 BR BL 1
2 0 TL TR 0
3 3 TR BL 1
0 5 TR BL 0
5 0 TR BL 1
3 2 TR BL 0
GAMEOVER WINNER 0
# Game ended: Mon Apr 01 17:08:59 EDT 2019
