# Server version 0.08 running on 142.157.23.3:8123
# Game ID: 110
# Board class: pentago_swap.PentagoBoard
# Timeout: 5000
# First Move Timeout: 30000
# Date: Sat Mar 30 05:27:12 EDT 2019
# Player 1: Player-0, '260728557', running on 142.157.23.3
# Player 2: Player-1, 'Human', running on 142.157.23.3
START Player-0 260728557
START Player-1 Human
4 4 TL TR 0
1 4 BL TL 1
4 1 TL TR 0
2 3 TL TR 1
3 0 TL BR 0
4 4 TR BL 1
2 5 BL BR 0
2 2 TL BL 1
0 4 BL BR 0
2 4 BL TL 1
3 3 TL TR 0
GAMEOVER WINNER 0
# Game ended: Sat Mar 30 05:28:19 EDT 2019
