# Server version 0.08 running on gjtqiyue:8123
# Game ID: 273
# Board class: pentago_swap.PentagoBoard
# Timeout: 2000
# First Move Timeout: 30000
# Date: Sat Mar 30 23:26:01 EDT 2019
# Player 1: Player-0, 'Human', running on gjtqiyue
# Player 2: Player-1, 'Human', running on gjtqiyue
START Player-0 Human
START Player-1 Human
0 1 TR TL 0
4 1 TL TR 1
3 1 BL TR 0
4 1 TL BR 1
4 4 BR TR 0
2 4 BL TL 1
4 2 BL TL 0
4 3 TR TL 1
4 2 BL BR 0
4 2 TR TL 1
4 3 BR TL 0
2 2 BR TR 1
3 2 BL BR 0
3 3 TR TL 1
3 0 BL BR 0
3 5 BL TL 1
4 5 BR BL 0
2 2 TL BR 1
4 0 BR TL 0
0 3 TR BR 1
GAMEOVER WINNER 1
# Game ended: Sat Mar 30 23:30:25 EDT 2019
