# Server version 0.08 running on gjtqiyue:8123
# Game ID: 29
# Board class: pentago_swap.PentagoBoard
# Timeout: 2000
# First Move Timeout: 30000
# Date: Fri Mar 29 03:18:40 EDT 2019
# Player 1: Player-0, '260728557', running on gjtqiyue
# Player 2: Player-1, 'Human', running on gjtqiyue
START Player-0 260728557
START Player-1 Human
4 4 TL TR 0
1 4 TL BL 1
4 1 TL TR 0
1 4 BR BL 1
3 0 TL TR 0
2 2 BR BL 1
5 5 TL TR 0
2 2 TR BL 1
2 5 TL TR 0
GAMEOVER WINNER 0
# Game ended: Fri Mar 29 03:19:29 EDT 2019
