# Server version 0.08 running on 142.157.131.14:8123
# Game ID: 70
# Board class: pentago_swap.PentagoBoard
# Timeout: 2000
# First Move Timeout: 30000
# Date: Fri Mar 29 23:31:13 EDT 2019
# Player 1: Player-0, '260728557', running on 142.157.131.14
# Player 2: Player-1, '260728557', running on 142.157.131.14
START Player-0 260728557
START Player-1 260728557
4 4 TL TR 0
4 1 TL TR 1
1 4 TL TR 0
1 4 TL TR 1
0 0 TL TR 0
0 0 TR BR 1
4 3 TR BL 0
2 0 BL BR 1
0 2 TR BR 0
4 5 TL TR 1
0 1 TR BR 0
0 3 TR BL 1
1 0 TL BL 0
3 2 TL TR 1
0 1 TL BR 0
2 1 TL BR 1
1 2 TL BL 0
2 2 BL BR 1
3 1 TR BR 0
0 5 TR BR 1
0 5 TL TR 0
2 4 TR BL 1
1 3 TL TR 0
4 2 TL BR 1
2 3 BL BR 0
2 1 TL BR 1
5 2 TL BL 0
2 5 TL BR 1
4 5 TL TR 0
GAMEOVER WINNER 1
# Game ended: Fri Mar 29 23:31:59 EDT 2019
