# Server version 0.08 running on gjtqiyue:8123
# Game ID: 280
# Board class: pentago_swap.PentagoBoard
# Timeout: 2000
# First Move Timeout: 30000
# Date: Sat Mar 30 23:39:42 EDT 2019
# Player 1: Player-0, 'V3', running on gjtqiyue
# Player 2: Player-1, '260728557', running on gjtqiyue
START Player-0 V3
START Player-1 260728557
4 4 BL BR 0
4 4 TL TR 1
1 1 BL BR 0
1 4 TL TR 1
5 5 TL TR 0
3 3 TL TR 1
4 0 TR BR 0
2 2 TR BR 1
3 1 TL BR 0
3 2 TL BR 1
3 0 TR BR 0
2 0 TL TR 1
5 5 BL BR 0
0 5 BL BR 1
GAMEOVER WINNER 1
# Game ended: Sat Mar 30 23:40:02 EDT 2019
