# Server version 0.08 running on gjtqiyue:8123
# Game ID: 31
# Board class: pentago_swap.PentagoBoard
# Timeout: 2000
# First Move Timeout: 30000
# Date: Fri Mar 29 03:20:05 EDT 2019
# Player 1: Player-0, 'RandomPlayer', running on gjtqiyue
# Player 2: Player-1, '260728557', running on gjtqiyue
START Player-0 RandomPlayer
START Player-1 260728557
5 2 TR BR 0
4 4 TL TR 1
0 3 TL TR 0
4 1 TL TR 1
3 4 BL BR 0
3 0 TL BL 1
2 2 TL BL 0
4 0 TR BL 1
5 2 BL BR 0
4 4 TL BR 1
2 3 TL TR 0
2 1 TL TR 1
0 1 BL BR 0
1 5 TL TR 1
5 1 TR BR 0
1 3 BL BR 1
GAMEOVER WINNER 1
# Game ended: Fri Mar 29 03:20:06 EDT 2019
