# Server version 0.08 running on 142.157.23.3:8123
# Game ID: 121
# Board class: pentago_swap.PentagoBoard
# Timeout: 2000
# First Move Timeout: 30000
# Date: Sat Mar 30 06:12:43 EDT 2019
# Player 1: Player-0, 'Human', running on 142.157.23.3
# Player 2: Player-1, '260728557', running on 142.157.23.3
START Player-0 Human
START Player-1 260728557
4 1 TR TL 0
4 4 TL TR 1
4 2 TR TL 0
1 4 TL TR 1
4 0 TR TL 0
0 3 TL TR 1
1 4 TL BR 0
1 3 TL BR 1
1 5 TL BR 0
5 5 TL BR 1
3 3 BR TR 0
0 1 TL BL 1
2 5 BR TL 0
5 1 TL BR 1
2 4 TR BR 0
3 4 TR BL 1
GAMEOVER WINNER 1
# Game ended: Sat Mar 30 06:14:45 EDT 2019
