# Server version 0.08 running on gjtqiyue:8123
# Game ID: 170
# Board class: pentago_swap.PentagoBoard
# Timeout: 2000
# First Move Timeout: 30000
# Date: Sat Mar 30 22:05:28 EDT 2019
# Player 1: Player-0, '260728557', running on localhost
# Player 2: Player-1, 'V3', running on localhost
START Player-0 260728557
START Player-1 V3
4 4 TL TR 0
1 1 BL BR 1
4 4 TL TR 0
1 1 BL BR 1
3 0 TL TR 0
4 5 TR BR 1
2 5 BL BR 0
5 1 BL BR 1
0 3 BL BR 0
3 1 BL BR 1
2 1 TR BL 0
0 1 TL BR 1
2 5 TL BR 0
2 2 TL BR 1
1 0 TL BR 0
3 3 TL BR 1
0 2 TL TR 0
GAMEOVER WINNER 1 
 Winrate1/100
# Game ended: Sat Mar 30 22:05:41 EDT 2019
