# Server version 0.08 running on gjtqiyue:8123
# Game ID: 279
# Board class: pentago_swap.PentagoBoard
# Timeout: 2000
# First Move Timeout: 30000
# Date: Sat Mar 30 23:37:40 EDT 2019
# Player 1: Player-0, 'V3', running on gjtqiyue
# Player 2: Player-1, '260728557', running on gjtqiyue
START Player-0 V3
START Player-1 260728557
4 4 BL BR 0
4 4 TL TR 1
1 1 BL BR 0
1 4 TL TR 1
3 2 TL BR 0
5 1 TR BL 1
4 0 TL BR 0
0 1 TL BR 1
5 5 BL BR 0
0 4 TL TR 1
GAMEOVER WINNER 1
# Game ended: Sat Mar 30 23:37:52 EDT 2019
