# Server version 0.08 running on 142.157.23.3:8123
# Game ID: 90
# Board class: pentago_swap.PentagoBoard
# Timeout: 2000
# First Move Timeout: 30000
# Date: Sat Mar 30 04:27:03 EDT 2019
# Player 1: Player-0, '260728557', running on 142.157.23.3
# Player 2: Player-1, '260728557', running on 142.157.23.3
START Player-0 260728557
START Player-1 260728557
4 4 TL TR 0
4 1 TL TR 1
1 4 TL TR 0
1 4 TL TR 1
0 0 TL BL 0
2 3 TR BR 1
0 4 BL BR 0
1 0 TL TR 1
1 2 TL BR 0
0 5 BL BR 1
3 2 TL BL 0
5 1 BL BR 1
1 5 TL TR 0
2 0 BL BR 1
GAMEOVER TIMEOUT WINNER 1
# Game ended: Sat Mar 30 04:27:28 EDT 2019
