# Server version 0.08 running on 142.157.23.3:8123
# Game ID: 112
# Board class: pentago_swap.PentagoBoard
# Timeout: 5000
# First Move Timeout: 30000
# Date: Sat Mar 30 05:30:42 EDT 2019
# Player 1: Player-0, '260728557', running on 142.157.23.3
# Player 2: Player-1, 'Human', running on 142.157.23.3
START Player-0 260728557
START Player-1 Human
4 4 TL TR 0
4 1 TR BR 1
4 4 TL TR 0
1 4 BR TR 1
0 0 TL TR 0
3 1 TR BL 1
5 2 TL TR 0
0 3 BR TR 1
3 1 TR BR 0
2 4 TL BR 1
5 1 TL BL 0
0 4 BL TR 1
1 0 TR BR 0
3 3 BL TL 1
2 2 BL BR 0
GAMEOVER WINNER 0
# Game ended: Sat Mar 30 05:32:00 EDT 2019
