# Server version 0.08 running on gjtqiyue:8123
# Game ID: 209
# Board class: pentago_swap.PentagoBoard
# Timeout: 2000
# First Move Timeout: 30000
# Date: Sat Mar 30 22:17:49 EDT 2019
# Player 1: Player-0, 'V3', running on localhost
# Player 2: Player-1, '260728557', running on localhost
START Player-0 V3
START Player-1 260728557
4 4 BL BR 0
4 4 TL TR 1
1 1 BL BR 0
1 4 TL TR 1
3 1 TL TR 0
2 1 TL BL 1
4 5 BL BR 0
4 3 BL BR 1
3 0 TL TR 0
0 2 TR BR 1
0 3 TL TR 0
2 3 TL TR 1
2 5 BL BR 0
0 1 BL BR 1
3 5 TL TR 0
2 4 TL TR 1
5 2 TR BL 0
1 2 TR BL 1
5 4 TL TR 0
2 5 TL TR 1
4 2 TL TR 0
0 1 TL TR 1
3 2 BL BR 0
GAMEOVER WINNER 0
# Game ended: Sat Mar 30 22:18:07 EDT 2019
