# Server version 0.08 running on 142.157.23.3:8123
# Game ID: 98
# Board class: pentago_swap.PentagoBoard
# Timeout: 5000
# First Move Timeout: 30000
# Date: Sat Mar 30 04:54:39 EDT 2019
# Player 1: Player-0, '260728557', running on 142.157.23.3
# Player 2: Player-1, 'Human', running on 142.157.23.3
START Player-0 260728557
START Player-1 Human
4 4 TL TR 0
1 4 BR BL 1
4 4 TL TR 0
1 4 TR TL 1
3 0 TL TR 0
2 3 TR BL 1
2 5 TL BR 0
5 3 TR BL 1
2 2 BL BR 0
GAMEOVER WINNER 0
# Game ended: Sat Mar 30 04:55:45 EDT 2019
