# Server version 0.08 running on 142.157.23.3:8123
# Game ID: 120
# Board class: pentago_swap.PentagoBoard
# Timeout: 5000
# First Move Timeout: 30000
# Date: Sat Mar 30 06:11:25 EDT 2019
# Player 1: Player-0, '260728557', running on 142.157.23.3
# Player 2: Player-1, '260728557', running on 142.157.23.3
START Player-0 260728557
START Player-1 260728557
4 4 TL TR 0
4 1 TL TR 1
1 4 TL TR 0
1 4 TL TR 1
0 3 TL BR 0
3 0 TL BL 1
1 3 TL BL 0
5 2 TL TR 1
0 1 TL TR 0
3 3 TL BL 1
GAMEOVER WINNER 1
# Game ended: Sat Mar 30 06:11:29 EDT 2019
