# Server version 0.08 running on 142.157.23.3:8123
# Game ID: 99
# Board class: pentago_swap.PentagoBoard
# Timeout: 5000
# First Move Timeout: 30000
# Date: Sat Mar 30 04:55:58 EDT 2019
# Player 1: Player-0, '260728557', running on 142.157.23.3
# Player 2: Player-1, 'Human', running on 142.157.23.3
START Player-0 260728557
START Player-1 Human
4 4 TL TR 0
1 1 BL TR 1
4 1 TL TR 0
2 3 TR BL 1
0 3 TL TR 0
3 2 TR TL 1
2 5 TL BR 0
2 2 TR BL 1
3 1 TL TR 0
0 3 BR TR 1
5 1 TL TR 0
1 1 BL TR 1
3 4 TL BL 0
GAMEOVER WINNER 0
# Game ended: Sat Mar 30 04:57:48 EDT 2019
