# Server version 0.08 running on 142.157.131.92:8123
# Game ID: 315
# Board class: pentago_swap.PentagoBoard
# Timeout: 2000
# First Move Timeout: 30000
# Date: Mon Apr 01 17:26:23 EDT 2019
# Player 1: Player-0, 'V3', running on 142.157.131.92
# Player 2: Player-1, '260728557', running on 142.157.131.92
START Player-0 V3
START Player-1 260728557
4 4 BL BR 0
4 4 TL TR 1
1 1 BL BR 0
1 4 TL TR 1
4 3 TL TR 0
4 5 TL TR 1
4 0 TL BL 0
4 0 BL BR 1
4 5 TL TR 0
3 3 TL TR 1
0 5 BL BR 0
2 2 BL BR 1
5 5 BL BR 0
0 0 BL BR 1
GAMEOVER WINNER 1
# Game ended: Mon Apr 01 17:26:43 EDT 2019
