# Server version 0.08 running on gjtqiyue:8123
# Game ID: 175
# Board class: pentago_swap.PentagoBoard
# Timeout: 2000
# First Move Timeout: 30000
# Date: Sat Mar 30 22:07:00 EDT 2019
# Player 1: Player-0, 'V3', running on localhost
# Player 2: Player-1, '260728557', running on localhost
START Player-0 V3
START Player-1 260728557
4 4 BL BR 0
4 4 TL TR 1
1 1 BL BR 0
1 4 TL TR 1
0 4 BL BR 0
0 0 TL BR 1
5 1 TR BR 0
2 5 TR BR 1
2 2 TL BL 0
3 4 TL BL 1
2 4 TL TR 0
3 1 BL BR 1
1 2 TL BR 0
5 1 TL BR 1
2 4 TL BR 0
0 4 TL TR 1
GAMEOVER WINNER 0
# Game ended: Sat Mar 30 22:07:12 EDT 2019
