# Server version 0.08 running on gjtqiyue:8123
# Game ID: 274
# Board class: pentago_swap.PentagoBoard
# Timeout: 2000
# First Move Timeout: 30000
# Date: Sat Mar 30 23:31:18 EDT 2019
# Player 1: Player-0, 'Human', running on gjtqiyue
# Player 2: Player-1, '260728557', running on gjtqiyue
START Player-0 Human
START Player-1 260728557
0 1 TL BR 0
4 4 TL TR 1
2 2 TL TR 0
4 1 TL TR 1
3 2 BL BR 0
4 0 TL BR 1
3 3 TL BL 0
4 4 TL BL 1
4 3 BL TL 0
1 2 TL TR 1
2 1 BR TR 0
1 5 TR BL 1
GAMEOVER WINNER 1
# Game ended: Sat Mar 30 23:32:16 EDT 2019
