# Server version 0.08 running on 142.157.131.14:8123
# Game ID: 11
# Board class: pentago_swap.PentagoBoard
# Timeout: 2000
# First Move Timeout: 30000
# Date: Thu Mar 28 19:52:55 EDT 2019
# Player 1: Player-0, '260728557', running on 142.157.131.14
# Player 2: Player-1, 'Human', running on 142.157.131.14
START Player-0 260728557
START Player-1 Human
5 2 TR BR 0
3 3 TR TL 1
0 3 TL TR 0
4 4 TR BL 1
4 0 BL BR 0
5 2 TR BR 1
2 0 TL BL 0
3 3 TR BL 1
5 2 BL BR 0
4 1 BR BL 1
GAMEOVER WINNER 1
# Game ended: Thu Mar 28 19:58:26 EDT 2019
