# Server version 0.08 running on gjtqiyue:8123
# Game ID: 244
# Board class: pentago_swap.PentagoBoard
# Timeout: 2000
# First Move Timeout: 30000
# Date: Sat Mar 30 22:28:59 EDT 2019
# Player 1: Player-0, '260728557', running on localhost
# Player 2: Player-1, 'V3', running on localhost
START Player-0 260728557
START Player-1 V3
4 4 TL TR 0
1 1 BL BR 1
4 4 TL TR 0
1 1 BL BR 1
3 0 TL TR 0
5 2 BL BR 1
3 4 TL BL 0
3 0 TL BR 1
2 1 TL BL 0
3 4 TL BL 1
1 0 TL BR 0
3 1 TL BR 1
1 2 TL BL 0
4 3 TL BL 1
0 2 TL BR 0
4 0 TL BR 1
2 0 TL BL 0
0 4 TL BL 1
0 3 TL TR 0
5 1 TL BL 1
GAMEOVER WINNER 1 
 Winrate1/100
# Game ended: Sat Mar 30 22:29:13 EDT 2019
