# Server version 0.08 running on 142.157.23.3:8123
# Game ID: 88
# Board class: pentago_swap.PentagoBoard
# Timeout: 2000
# First Move Timeout: 30000
# Date: Sat Mar 30 04:22:05 EDT 2019
# Player 1: Player-0, 'Human', running on 142.157.23.3
# Player 2: Player-1, '260728557', running on 142.157.23.3
START Player-0 Human
START Player-1 260728557
1 1 TR BR 0
4 4 TL TR 1
1 3 TL BL 0
4 1 TL TR 1
1 2 TR TL 0
2 4 TR BR 1
1 2 BR TR 0
0 5 TL TR 1
1 4 TR TL 0
GAMEOVER WINNER 0
# Game ended: Sat Mar 30 04:22:35 EDT 2019
