# Server version 0.08 running on 142.157.131.92:8123
# Game ID: 324
# Board class: pentago_swap.PentagoBoard
# Timeout: 2000
# First Move Timeout: 30000
# Date: Mon Apr 01 17:37:09 EDT 2019
# Player 1: Player-0, 'Human', running on 142.157.131.92
# Player 2: Player-1, '260728557', running on 142.157.131.92
START Player-0 Human
START Player-1 260728557
1 1 TR TL 0
4 4 TL TR 1
1 4 BR BL 0
4 4 TL TR 1
1 3 BL BR 0
1 5 TL BR 1
2 4 TL BL 0
1 0 TL TR 1
3 4 TR TL 0
0 0 TL TR 1
0 1 TL TR 0
GAMEOVER WINNER 0
# Game ended: Mon Apr 01 17:37:45 EDT 2019
