# Server version 0.08 running on gjtqiyue:8123
# Game ID: 55
# Board class: pentago_swap.PentagoBoard
# Timeout: 2000
# First Move Timeout: 30000
# Date: Fri Mar 29 20:07:56 EDT 2019
# Player 1: Player-0, '260728557', running on gjtqiyue
# Player 2: Player-1, 'Human', running on gjtqiyue
START Player-0 260728557
START Player-1 Human
4 4 TL TR 0
1 4 TL BL 1
4 1 TL TR 0
1 4 TL BR 1
3 0 TL BL 0
3 3 TL BL 1
0 4 TR BR 0
3 2 BR TR 1
0 5 BL BR 0
5 2 TL BR 1
3 2 TR BL 0
5 2 TL BR 1
3 0 TR BR 0
2 2 BL TL 1
GAMEOVER WINNER 1
# Game ended: Fri Mar 29 20:14:56 EDT 2019
