# Server version 0.08 running on 142.157.131.92:8123
# Game ID: 330
# Board class: pentago_swap.PentagoBoard
# Timeout: 2000
# First Move Timeout: 30000
# Date: Mon Apr 01 17:58:01 EDT 2019
# Player 1: Player-0, 'Human', running on 142.157.131.92
# Player 2: Player-1, '260728557', running on 142.157.131.92
START Player-0 Human
START Player-1 260728557
1 4 BR BL 0
4 4 TL TR 1
1 4 BL BR 0
4 4 TL TR 1
2 4 BR BL 0
3 0 TL TR 1
2 4 BR BL 0
0 4 TR BR 1
0 1 BR TL 0
2 5 TL BR 1
GAMEOVER USER CANCEL UNDECIDED
# Game ended: Mon Apr 01 18:02:55 EDT 2019
