# Server version 0.08 running on gjtqiyue:8123
# Game ID: 261
# Board class: pentago_swap.PentagoBoard
# Timeout: 2000
# First Move Timeout: 30000
# Date: Sat Mar 30 22:34:12 EDT 2019
# Player 1: Player-0, 'V3', running on localhost
# Player 2: Player-1, '260728557', running on localhost
START Player-0 V3
START Player-1 260728557
4 4 BL BR 0
4 4 TL TR 1
1 1 BL BR 0
1 4 TL TR 1
0 4 TR BR 0
0 0 TL TR 1
2 1 TL TR 0
0 1 TL TR 1
5 4 BL BR 0
GAMEOVER WINNER 0
# Game ended: Sat Mar 30 22:34:17 EDT 2019
