# Server version 0.08 running on 142.157.23.3:8123
# Game ID: 87
# Board class: pentago_swap.PentagoBoard
# Timeout: 2000
# First Move Timeout: 30000
# Date: Sat Mar 30 04:21:22 EDT 2019
# Player 1: Player-0, '260728557', running on 142.157.23.3
# Player 2: Player-1, '260728557', running on 142.157.23.3
START Player-0 260728557
START Player-1 260728557
4 4 TL TR 0
4 1 TL TR 1
1 4 TL TR 0
1 4 TL TR 1
1 3 TR BR 0
0 1 TL BL 1
2 5 TL TR 0
2 4 TL TR 1
0 1 BL BR 0
2 0 TL TR 1
3 2 TL BL 0
5 4 TL BL 1
GAMEOVER WINNER 1
# Game ended: Sat Mar 30 04:21:37 EDT 2019
