# Server version 0.08 running on 142.157.23.3:8123
# Game ID: 89
# Board class: pentago_swap.PentagoBoard
# Timeout: 2000
# First Move Timeout: 30000
# Date: Sat Mar 30 04:22:53 EDT 2019
# Player 1: Player-0, '260728557', running on 142.157.23.3
# Player 2: Player-1, 'Human', running on 142.157.23.3
START Player-0 260728557
START Player-1 Human
4 4 TL TR 0
1 1 TR BL 1
4 1 TL TR 0
1 3 TR TL 1
1 4 TR BR 0
0 0 TR BR 1
3 1 TL TR 0
2 1 TR BR 1
0 1 BL BR 0
2 4 TR TL 1
3 2 TL BL 0
2 0 TR BR 1
3 2 BL BR 0
2 4 TR BL 1
3 0 TL TR 0
3 3 TL BL 1
4 0 BL BR 0
4 0 BL BR 1
GAMEOVER WINNER 1
# Game ended: Sat Mar 30 04:25:12 EDT 2019
