# Server version 0.08 running on gjtqiyue:8123
# Game ID: 265
# Board class: pentago_swap.PentagoBoard
# Timeout: 2000
# First Move Timeout: 30000
# Date: Sat Mar 30 22:35:04 EDT 2019
# Player 1: Player-0, 'V3', running on localhost
# Player 2: Player-1, '260728557', running on localhost
START Player-0 V3
START Player-1 260728557
4 4 BL BR 0
4 4 TL TR 1
1 1 BL BR 0
1 4 TL TR 1
1 3 BL BR 0
0 0 TR BL 1
1 5 TL BL 0
5 2 TL BL 1
3 3 TL TR 0
0 4 TL TR 1
1 3 TL TR 0
4 2 TL TR 1
2 1 TR BR 0
0 2 TL BL 1
0 2 TL BR 0
4 2 TL BR 1
2 2 TL BR 0
4 0 TL BR 1
1 3 TL BR 0
5 0 TL BR 1
5 5 BL BR 0
1 5 TR BL 1
GAMEOVER WINNER 1 
 Winrate1/100
# Game ended: Sat Mar 30 22:35:22 EDT 2019
