# Server version 0.08 running on 142.157.23.3:8123
# Game ID: 84
# Board class: pentago_swap.PentagoBoard
# Timeout: 2000
# First Move Timeout: 30000
# Date: Sat Mar 30 00:30:17 EDT 2019
# Player 1: Player-0, 'Human', running on 142.157.23.3
# Player 2: Player-1, '260728557', running on 142.157.23.3
START Player-0 Human
START Player-1 260728557
1 1 TR BR 0
4 4 TL TR 1
1 1 TL BR 0
4 1 TL TR 1
2 2 TR BL 0
1 3 TL BL 1
3 3 BL TL 0
0 0 TL TR 1
5 5 TR TL 0
GAMEOVER WINNER 0
# Game ended: Sat Mar 30 00:30:41 EDT 2019
