# Server version 0.08 running on gjtqiyue:8123
# Game ID: 227
# Board class: pentago_swap.PentagoBoard
# Timeout: 2000
# First Move Timeout: 30000
# Date: Sat Mar 30 22:23:40 EDT 2019
# Player 1: Player-0, 'V3', running on localhost
# Player 2: Player-1, '260728557', running on localhost
START Player-0 V3
START Player-1 260728557
4 4 BL BR 0
4 4 TL TR 1
1 1 BL BR 0
1 4 TL TR 1
1 2 TL BL 0
4 3 TR BL 1
5 2 TL TR 0
0 5 TL TR 1
5 0 TR BR 0
2 0 TL BL 1
2 1 TL BL 0
0 1 TL BL 1
2 4 TL BL 0
0 0 TL TR 1
3 1 TR BR 0
GAMEOVER WINNER 0
# Game ended: Sat Mar 30 22:23:51 EDT 2019
