# Server version 0.08 running on gjtqiyue:8123
# Game ID: 138
# Board class: pentago_swap.PentagoBoard
# Timeout: 2000
# First Move Timeout: 30000
# Date: Sat Mar 30 19:03:53 EDT 2019
# Player 1: Player-0, '260728557', running on gjtqiyue
# Player 2: Player-1, 'V3', running on gjtqiyue
START Player-0 260728557
START Player-1 V3
4 4 TL TR 0
1 1 BL BR 1
4 4 TL TR 0
1 1 BL BR 1
1 2 BL BR 0
2 4 TL BL 1
5 4 BL BR 0
5 4 BL BR 1
3 5 TR BL 0
3 1 BL BR 1
GAMEOVER WINNER 1
# Game ended: Sat Mar 30 19:04:03 EDT 2019
