# Server version 0.08 running on gjtqiyue:8123
# Game ID: 247
# Board class: pentago_swap.PentagoBoard
# Timeout: 2000
# First Move Timeout: 30000
# Date: Sat Mar 30 22:29:55 EDT 2019
# Player 1: Player-0, 'V3', running on localhost
# Player 2: Player-1, '260728557', running on localhost
START Player-0 V3
START Player-1 260728557
4 4 BL BR 0
4 4 TL TR 1
1 1 BL BR 0
1 4 TL TR 1
2 4 BL BR 0
0 0 TR BL 1
3 1 BL BR 0
2 4 TL TR 1
0 1 TL BR 0
2 5 TL BR 1
2 4 TL BR 0
1 3 TL BR 1
3 0 TL BR 0
1 5 TL BR 1
4 2 TL BR 0
0 5 TL BR 1
4 0 TL BR 0
2 3 TL BR 1
3 2 BL BR 0
0 4 TL TR 1
5 5 TR BL 0
4 0 TR BL 1
5 4 BL BR 0
0 3 TR BL 1
GAMEOVER WINNER 1 
 Winrate1/100
# Game ended: Sat Mar 30 22:30:15 EDT 2019
