# Server version 0.08 running on 142.157.131.92:8123
# Game ID: 299
# Board class: pentago_swap.PentagoBoard
# Timeout: 2000
# First Move Timeout: 30000
# Date: Mon Apr 01 16:35:14 EDT 2019
# Player 1: Player-0, '260728557', running on 142.157.131.92
# Player 2: Player-1, '260728557', running on 142.157.131.92
START Player-0 260728557
START Player-1 260728557
4 4 TL TR 0
4 1 TL TR 1
1 4 TL TR 0
1 4 TL TR 1
0 3 TL TR 0
2 2 TR BL 1
0 1 TL TR 0
3 2 TL TR 1
2 1 TL TR 0
3 4 TL TR 1
1 0 TL BL 0
2 0 TL BL 1
2 3 TL BL 0
5 4 TR BL 1
1 5 TR BL 0
4 3 TR BR 1
3 2 TR BR 0
0 1 TL BL 1
2 0 TL BL 0
1 3 TL BL 1
3 3 TL BL 0
5 5 TL BL 1
5 3 TL BL 0
2 5 TR BR 1
GAMEOVER WINNER 0
# Game ended: Mon Apr 01 16:35:24 EDT 2019
