# Server version 0.08 running on gjtqiyue:8123
# Game ID: 52
# Board class: pentago_swap.PentagoBoard
# Timeout: 2000
# First Move Timeout: 30000
# Date: Fri Mar 29 19:59:32 EDT 2019
# Player 1: Player-0, '260728557', running on gjtqiyue
# Player 2: Player-1, 'RandomPlayer', running on gjtqiyue
START Player-0 260728557
START Player-1 RandomPlayer
4 4 TL TR 0
0 1 TR BR 1
4 4 TL TR 0
3 2 TL TR 1
2 2 BL BR 0
1 5 BL BR 1
4 2 TL TR 0
3 4 TL BL 1
4 5 TR BL 0
5 4 BL BR 1
2 0 TL BL 0
3 3 TL TR 1
3 0 TL BL 0
1 1 BL BR 1
5 0 TR BL 0
5 3 TR BR 1
5 2 TR BR 0
1 5 TL BR 1
3 4 BL BR 0
3 5 TR BR 1
0 3 TL BR 0
3 4 TL TR 1
5 1 TR BR 0
3 5 TR BR 1
GAMEOVER WINNER 1
# Game ended: Fri Mar 29 19:59:52 EDT 2019
