# Server version 0.08 running on gjtqiyue:8123
# Game ID: 15
# Board class: pentago_swap.PentagoBoard
# Timeout: 2000
# First Move Timeout: 30000
# Date: Fri Mar 29 01:49:54 EDT 2019
# Player 1: Player-0, 'Human', running on gjtqiyue
# Player 2: Player-1, '260728557', running on gjtqiyue
START Player-0 Human
START Player-1 260728557
4 4 TR TL 0
0 1 TR BR 1
4 1 BR TL 0
3 1 TL TR 1
2 2 TR BL 0
2 0 BL BR 1
2 5 BL BR 0
4 0 TL BL 1
3 0 TR TL 0
5 4 BL BR 1
GAMEOVER WINNER 0
# Game ended: Fri Mar 29 01:53:22 EDT 2019
