# Server version 0.08 running on 142.157.131.92:8123
# Game ID: 318
# Board class: pentago_swap.PentagoBoard
# Timeout: 2000
# First Move Timeout: 30000
# Date: Mon Apr 01 17:28:52 EDT 2019
# Player 1: Player-0, 'V3', running on 142.157.131.92
# Player 2: Player-1, '260728557', running on 142.157.131.92
START Player-0 V3
START Player-1 260728557
4 4 BL BR 0
4 4 TL TR 1
1 1 BL BR 0
1 4 TL TR 1
3 5 TL BR 0
3 0 TL TR 1
2 2 TR BR 0
2 5 TR BR 1
0 3 TL TR 0
5 2 BL BR 1
0 3 TR BR 0
2 2 TL TR 1
5 3 TL TR 0
1 3 TL BR 1
GAMEOVER WINNER 0
# Game ended: Mon Apr 01 17:29:12 EDT 2019
