# Server version 0.08 running on 142.157.131.92:8123
# Game ID: 319
# Board class: pentago_swap.PentagoBoard
# Timeout: 2000
# First Move Timeout: 30000
# Date: Mon Apr 01 17:31:19 EDT 2019
# Player 1: Player-0, 'V3', running on 142.157.131.92
# Player 2: Player-1, '260728557', running on 142.157.131.92
START Player-0 V3
START Player-1 260728557
4 4 BL BR 0
4 4 TL TR 1
1 1 BL BR 0
1 4 TL TR 1
1 5 TR BR 0
0 0 TL TR 1
1 0 TL BR 0
4 5 TL BR 1
4 3 BL BR 0
1 3 BL BR 1
5 4 BL BR 0
2 3 BL BR 1
2 1 TL BR 0
0 2 TL BL 1
GAMEOVER WINNER 0
# Game ended: Mon Apr 01 17:31:38 EDT 2019
