# Server version 0.08 running on gjtqiyue:8123
# Game ID: 148
# Board class: pentago_swap.PentagoBoard
# Timeout: 200000
# First Move Timeout: 30000
# Date: Sat Mar 30 19:57:45 EDT 2019
# Player 1: Player-0, 'V3', running on gjtqiyue
# Player 2: Player-1, '260728557', running on gjtqiyue
START Player-0 V3
START Player-1 260728557
4 4 BL BR 0
4 4 TL TR 1
1 1 BL BR 0
1 4 TL TR 1
1 3 TL BL 0
0 0 TL TR 1
4 3 TL BL 0
4 2 TL BL 1
4 5 TL BR 0
2 5 TL BR 1
5 1 TL BR 0
0 4 TL BR 1
2 4 TL BR 0
0 5 TL BR 1
1 5 TL BR 0
2 3 TL BR 1
5 5 BL BR 0
3 3 TL TR 1
GAMEOVER WINNER 1
# Game ended: Sat Mar 30 20:00:31 EDT 2019
