# Server version 0.08 running on 142.157.131.92:8123
# Game ID: 317
# Board class: pentago_swap.PentagoBoard
# Timeout: 2000
# First Move Timeout: 30000
# Date: Mon Apr 01 17:28:16 EDT 2019
# Player 1: Player-0, '260728557', running on 142.157.131.92
# Player 2: Player-1, 'V3', running on 142.157.131.92
START Player-0 260728557
START Player-1 V3
4 4 TL TR 0
1 1 BL BR 1
4 4 TL TR 0
1 1 BL BR 1
5 4 TL BR 0
0 3 TL BR 1
3 1 TL BR 0
5 5 BL BR 1
0 1 TL TR 0
GAMEOVER WINNER 0
# Game ended: Mon Apr 01 17:28:26 EDT 2019
