# Server version 0.08 running on 142.157.131.92:8123
# Game ID: 307
# Board class: pentago_swap.PentagoBoard
# Timeout: 2000
# First Move Timeout: 30000
# Date: Mon Apr 01 16:57:37 EDT 2019
# Player 1: Player-0, 'Human', running on 142.157.131.92
# Player 2: Player-1, '260728557', running on 142.157.131.92
START Player-0 Human
START Player-1 260728557
1 4 TL BL 0
4 4 TL TR 1
1 4 BL TL 0
1 1 TL TR 1
1 2 TL BL 0
5 5 BL BR 1
1 0 TL BR 0
1 0 TL BR 1
GAMEOVER USER CANCEL UNDECIDED
# Game ended: Mon Apr 01 16:58:06 EDT 2019
