# Server version 0.08 running on 142.157.131.92:8123
# Game ID: 292
# Board class: pentago_swap.PentagoBoard
# Timeout: 2000
# First Move Timeout: 30000
# Date: Mon Apr 01 16:08:11 EDT 2019
# Player 1: Player-0, 'Human', running on 142.157.131.92
# Player 2: Player-1, '260728557', running on 142.157.131.92
START Player-0 Human
START Player-1 260728557
1 4 BR TR 0
4 1 TL TR 1
1 4 TL BL 0
4 1 TL TR 1
2 2 TR BL 0
0 0 TL BL 1
3 3 BL TL 0
5 5 TL BR 1
3 4 BL TL 0
2 3 TL TR 1
3 1 BR TR 0
5 1 TR BL 1
5 1 TR BR 0
0 3 TR BL 1
GAMEOVER WINNER 0
# Game ended: Mon Apr 01 16:10:37 EDT 2019
