# Server version 0.08 running on gjtqiyue:8123
# Game ID: 181
# Board class: pentago_swap.PentagoBoard
# Timeout: 2000
# First Move Timeout: 30000
# Date: Sat Mar 30 22:08:45 EDT 2019
# Player 1: Player-0, 'V3', running on localhost
# Player 2: Player-1, '260728557', running on localhost
START Player-0 V3
START Player-1 260728557
4 4 BL BR 0
4 4 TL TR 1
1 1 BL BR 0
1 4 TL TR 1
5 1 BL BR 0
0 4 TL BL 1
0 5 BL BR 0
5 0 BL BR 1
1 0 TL BL 0
3 5 TL BR 1
1 3 TL BR 0
1 5 TR BL 1
1 5 TR BL 0
2 0 TR BL 1
2 4 TR BL 0
4 3 TR BL 1
2 5 TR BL 0
3 3 TR BL 1
1 0 TR BL 0
2 1 TR BL 1
4 5 TR BL 0
0 3 TR BL 1
3 4 TR BL 0
2 2 TR BL 1
5 5 BL BR 0
0 0 TL TR 1
GAMEOVER WINNER 1 
 Winrate1/100
# Game ended: Sat Mar 30 22:09:07 EDT 2019
