# Server version 0.08 running on gjtqiyue:8123
# Game ID: 272
# Board class: pentago_swap.PentagoBoard
# Timeout: 2000
# First Move Timeout: 30000
# Date: Sat Mar 30 23:24:45 EDT 2019
# Player 1: Player-0, 'V3', running on gjtqiyue
# Player 2: Player-1, '260728557', running on gjtqiyue
START Player-0 V3
START Player-1 260728557
4 4 BL BR 0
4 4 TL TR 1
1 1 BL BR 0
1 4 TL TR 1
0 4 TL TR 0
2 1 TR BR 1
2 4 BL BR 0
3 1 TR BR 1
3 4 TR BL 0
0 5 TR BL 1
0 5 TL BL 0
2 0 TL BL 1
2 3 TL BR 0
0 4 TL BR 1
2 4 TL BR 0
5 1 TR BR 1
4 0 TR BR 0
0 3 TR BR 1
3 0 TR BR 0
4 2 TR BR 1
1 5 TR BR 0
1 2 TR BR 1
5 5 TR BR 0
2 2 TR BR 1
5 2 BL BR 0
0 0 TL BR 1
GAMEOVER WINNER 1
# Game ended: Sat Mar 30 23:25:28 EDT 2019
