# Server version 0.08 running on gjtqiyue:8123
# Game ID: 156
# Board class: pentago_swap.PentagoBoard
# Timeout: 2000
# First Move Timeout: 30000
# Date: Sat Mar 30 21:23:20 EDT 2019
# Player 1: Player-0, '260728557', running on gjtqiyue
# Player 2: Player-1, '260728557', running on gjtqiyue
START Player-0 260728557
START Player-1 260728557
4 4 TL TR 0
4 1 TL TR 1
1 4 TL TR 0
1 4 TL TR 1
0 3 TL TR 0
0 3 TL TR 1
2 5 TL TR 0
3 3 TL BL 1
3 1 TL TR 0
2 2 TR BL 1
2 4 TL TR 0
5 2 TL BL 1
3 4 TR BL 0
GAMEOVER WINNER 0
# Game ended: Sat Mar 30 21:23:21 EDT 2019
