# Server version 0.08 running on 142.157.23.3:8123
# Game ID: 111
# Board class: pentago_swap.PentagoBoard
# Timeout: 5000
# First Move Timeout: 30000
# Date: Sat Mar 30 05:28:45 EDT 2019
# Player 1: Player-0, '260728557', running on 142.157.23.3
# Player 2: Player-1, 'Human', running on 142.157.23.3
START Player-0 260728557
START Player-1 Human
4 4 TL TR 0
1 1 TR BL 1
4 1 TL TR 0
1 1 BL BR 1
3 0 TL TR 0
5 2 BR TR 1
3 1 TR BR 0
0 0 BL TL 1
2 1 TL BL 0
3 3 TR BL 1
3 4 TL BL 0
GAMEOVER WINNER 0
# Game ended: Sat Mar 30 05:30:14 EDT 2019
