# Server version 0.08 running on 142.157.131.14:8123
# Game ID: 71
# Board class: pentago_swap.PentagoBoard
# Timeout: 2000
# First Move Timeout: 30000
# Date: Fri Mar 29 23:34:10 EDT 2019
# Player 1: Player-0, '260728557', running on 142.157.131.14
# Player 2: Player-1, '260728557', running on 142.157.131.14
START Player-0 260728557
START Player-1 260728557
4 4 TL TR 0
4 1 TL TR 1
1 4 TL TR 0
1 4 TL TR 1
0 3 TL TR 0
0 2 TR BL 1
2 2 TR BR 0
1 0 TR BR 1
3 3 TR BL 0
GAMEOVER WINNER 0
# Game ended: Fri Mar 29 23:34:14 EDT 2019
