# Server version 0.08 running on gjtqiyue:8123
# Game ID: 147
# Board class: pentago_swap.PentagoBoard
# Timeout: 2000
# First Move Timeout: 30000
# Date: Sat Mar 30 19:29:14 EDT 2019
# Player 1: Player-0, 'V3', running on gjtqiyue
# Player 2: Player-1, '260728557', running on gjtqiyue
START Player-0 V3
START Player-1 260728557
4 4 BL BR 0
4 4 TL TR 1
1 1 BL BR 0
1 4 TL TR 1
4 5 TL TR 0
0 3 TR BL 1
1 0 TL TR 0
5 2 TL TR 1
1 2 TL BR 0
GAMEOVER TIMEOUT WINNER 0
# Game ended: Sat Mar 30 19:29:23 EDT 2019
