# Server version 0.08 running on 142.157.23.3:8123
# Game ID: 91
# Board class: pentago_swap.PentagoBoard
# Timeout: 2000
# First Move Timeout: 30000
# Date: Sat Mar 30 04:28:15 EDT 2019
# Player 1: Player-0, '260728557', running on 142.157.23.3
# Player 2: Player-1, '260728557', running on 142.157.23.3
START Player-0 260728557
START Player-1 260728557
4 4 TL TR 0
4 1 TL TR 1
1 4 TL TR 0
1 4 TL TR 1
1 3 TR BR 0
0 0 TL BR 1
3 0 TL TR 0
0 2 BL BR 1
0 1 BL BR 0
0 3 TR BR 1
3 2 TL BL 0
0 1 TL BL 1
3 4 BL BR 0
4 2 TL TR 1
2 3 BL BR 0
0 1 TR BR 1
GAMEOVER USER CANCEL UNDECIDED
# Game ended: Sat Mar 30 04:28:40 EDT 2019
