# Server version 0.08 running on 142.157.131.92:8123
# Game ID: 316
# Board class: pentago_swap.PentagoBoard
# Timeout: 2000
# First Move Timeout: 30000
# Date: Mon Apr 01 17:27:22 EDT 2019
# Player 1: Player-0, '260728557', running on 142.157.131.92
# Player 2: Player-1, 'V3', running on 142.157.131.92
START Player-0 260728557
START Player-1 V3
4 4 TL TR 0
1 1 BL BR 1
4 4 TL TR 0
1 1 BL BR 1
3 0 TL TR 0
5 1 BL BR 1
5 5 TR BR 0
4 5 TR BL 1
4 0 TR BR 0
1 3 TR BR 1
0 4 TR BR 0
1 2 BL BR 1
GAMEOVER WINNER 1
# Game ended: Mon Apr 01 17:27:36 EDT 2019
