# Server version 0.08 running on 142.157.131.14:8123
# Game ID: 75
# Board class: pentago_swap.PentagoBoard
# Timeout: 2000
# First Move Timeout: 30000
# Date: Fri Mar 29 23:37:25 EDT 2019
# Player 1: Player-0, 'Human', running on 142.157.131.14
# Player 2: Player-1, '260728557', running on 142.157.131.14
START Player-0 Human
START Player-1 260728557
4 1 TR BR 0
4 4 TL TR 1
1 4 TL BR 0
4 4 TL TR 1
2 1 BR BL 0
0 5 TR BL 1
5 0 BR TR 0
3 0 TR BR 1
5 4 TR TL 0
0 0 TL TR 1
3 4 BL BR 0
GAMEOVER WINNER 0
# Game ended: Fri Mar 29 23:38:29 EDT 2019
