# Server version 0.08 running on 142.157.23.3:8123
# Game ID: 101
# Board class: pentago_swap.PentagoBoard
# Timeout: 5000
# First Move Timeout: 30000
# Date: Sat Mar 30 05:01:18 EDT 2019
# Player 1: Player-0, 'Human', running on 142.157.23.3
# Player 2: Player-1, '260728557', running on 142.157.23.3
START Player-0 Human
START Player-1 260728557
1 4 BR BL 0
4 4 TL TR 1
1 4 BL TL 0
1 1 TL TR 1
2 1 TR BR 0
0 3 TL TR 1
3 1 BR TL 0
0 0 TL TR 1
0 1 TR BL 0
5 2 TL BL 1
GAMEOVER WINNER 1
# Game ended: Sat Mar 30 05:03:31 EDT 2019
