# Server version 0.08 running on gjtqiyue:8123
# Game ID: 236
# Board class: pentago_swap.PentagoBoard
# Timeout: 2000
# First Move Timeout: 30000
# Date: Sat Mar 30 22:26:29 EDT 2019
# Player 1: Player-0, '260728557', running on localhost
# Player 2: Player-1, 'V3', running on localhost
START Player-0 260728557
START Player-1 V3
4 4 TL TR 0
1 1 BL BR 1
4 4 TL TR 0
1 1 BL BR 1
3 0 TL TR 0
2 2 TR BR 1
5 2 TL TR 0
0 3 TL TR 1
3 3 TL TR 0
5 5 TL TR 1
2 3 TL BL 0
0 3 TL BL 1
0 5 BL BR 0
3 5 TL BR 1
1 2 BL BR 0
2 0 BL BR 1
1 0 BL BR 0
1 3 TL BL 1
5 1 TL BL 0
4 0 TL BL 1
3 1 TL BL 0
2 4 TL BL 1
0 2 TL BL 0
5 0 TL BL 1
0 1 TL BL 0
4 2 TL BL 1
0 4 TL TR 0
5 4 TL BR 1
GAMEOVER WINNER 1 
 Winrate1/100
# Game ended: Sat Mar 30 22:26:51 EDT 2019
