# Server version 0.08 running on gjtqiyue:8123
# Game ID: 135
# Board class: pentago_swap.PentagoBoard
# Timeout: 2000
# First Move Timeout: 30000
# Date: Sat Mar 30 18:54:54 EDT 2019
# Player 1: Player-0, '260728557', running on gjtqiyue
# Player 2: Player-1, '260728557', running on gjtqiyue
START Player-0 260728557
START Player-1 260728557
4 4 TL TR 0
4 1 TL TR 1
1 4 TL TR 0
1 4 TL TR 1
0 2 TL BL 0
2 3 TL BL 1
1 3 BL BR 0
1 2 TL BR 1
1 2 TL BR 0
1 0 TL TR 1
5 0 TL BR 0
1 0 TL TR 1
GAMEOVER WINNER 1
# Game ended: Sat Mar 30 18:55:02 EDT 2019
