# Server version 0.08 running on 142.157.131.92:8123
# Game ID: 309
# Board class: pentago_swap.PentagoBoard
# Timeout: 2000
# First Move Timeout: 30000
# Date: Mon Apr 01 17:04:21 EDT 2019
# Player 1: Player-0, 'Human', running on 142.157.131.92
# Player 2: Player-1, '260728557', running on 142.157.131.92
START Player-0 Human
START Player-1 260728557
1 1 TR BR 0
4 4 TL TR 1
1 1 BL BR 0
4 4 TL TR 1
1 3 BR BL 0
3 0 TL TR 1
1 5 TR TL 0
5 2 TL TR 1
1 3 TR TL 0
GAMEOVER WINNER 0
# Game ended: Mon Apr 01 17:04:44 EDT 2019
