# Server version 0.08 running on 142.157.131.92:8123
# Game ID: 305
# Board class: pentago_swap.PentagoBoard
# Timeout: 2000
# First Move Timeout: 30000
# Date: Mon Apr 01 16:52:22 EDT 2019
# Player 1: Player-0, 'Human', running on 142.157.131.92
# Player 2: Player-1, '260728557', running on 142.157.131.92
START Player-0 Human
START Player-1 260728557
1 1 TR BR 0
4 4 TL TR 1
1 1 TL BL 0
1 1 TL TR 1
2 1 TR BR 0
0 3 TL TR 1
3 1 TR TL 0
2 5 TL BL 1
3 1 BL TL 0
GAMEOVER WINNER 0
# Game ended: Mon Apr 01 16:52:54 EDT 2019
