# Server version 0.08 running on 142.157.23.3:8123
# Game ID: 107
# Board class: pentago_swap.PentagoBoard
# Timeout: 5000
# First Move Timeout: 30000
# Date: Sat Mar 30 05:08:53 EDT 2019
# Player 1: Player-0, '260728557', running on 142.157.23.3
# Player 2: Player-1, 'Human', running on 142.157.23.3
START Player-0 260728557
START Player-1 Human
4 4 TL TR 0
1 4 BL TL 1
4 1 TL TR 0
1 4 TR TL 1
0 0 TL BR 0
3 1 TR BL 1
1 5 TL TR 0
1 3 TL BL 1
5 2 TL BL 0
4 3 TR TL 1
0 3 TR BR 0
2 2 TR BL 1
0 0 TL BR 0
GAMEOVER WINNER 0
# Game ended: Sat Mar 30 05:09:30 EDT 2019
