# Server version 0.08 running on gjtqiyue:8123
# Game ID: 184
# Board class: pentago_swap.PentagoBoard
# Timeout: 2000
# First Move Timeout: 30000
# Date: Sat Mar 30 22:09:47 EDT 2019
# Player 1: Player-0, '260728557', running on localhost
# Player 2: Player-1, 'V3', running on localhost
START Player-0 260728557
START Player-1 V3
4 4 TL TR 0
1 1 BL BR 1
4 4 TL TR 0
1 1 BL BR 1
3 0 TL TR 0
0 4 BL BR 1
5 5 TL BL 0
2 2 TR BR 1
0 2 TL TR 0
5 4 TL BL 1
2 1 TR BL 0
0 1 TL BR 1
5 0 TL BR 0
2 3 TR BR 1
1 0 TR BR 0
0 5 TL BR 1
4 2 TL BR 0
5 1 TL BR 1
1 3 TL BR 0
4 0 TR BL 1
4 2 TR BL 0
4 3 TR BL 1
0 0 TR BL 0
2 0 TR BL 1
0 4 TR BL 0
2 4 TR BL 1
0 2 TR BL 0
5 3 TR BL 1
5 5 TR BL 0
3 5 TR BL 1
0 3 TR BL 0
3 3 TR BL 1
3 1 TR BL 0
2 2 TR BL 1
1 2 TR BL 0
4 5 TL BL 1
GAMEOVER WINNER 0
# Game ended: Sat Mar 30 22:10:19 EDT 2019
