# Server version 0.08 running on 142.157.131.92:8123
# Game ID: 296
# Board class: pentago_swap.PentagoBoard
# Timeout: 2000
# First Move Timeout: 30000
# Date: Mon Apr 01 16:19:18 EDT 2019
# Player 1: Player-0, 'Human', running on 142.157.131.92
# Player 2: Player-1, '260728557', running on 142.157.131.92
START Player-0 Human
START Player-1 260728557
1 4 TL BL 0
4 4 TL TR 1
1 4 BL TR 0
1 4 TL TR 1
2 5 TR BL 0
3 0 TR BR 1
5 5 BL TL 0
3 3 TL BL 1
5 4 TR BL 0
0 2 TL BL 1
2 4 TL BL 0
2 0 BL BR 1
3 1 TL TR 0
GAMEOVER WINNER 0
# Game ended: Mon Apr 01 16:22:54 EDT 2019
